# JRE version: Java(TM) SE Runtime Environment (8.0_202-b08) (build 1.8.0_202-b08)
# Java VM: Java HotSpot(TM) 64-Bit Server VM (25.202-b08 mixed mode windows-amd64 compressed oops)
Heap:
 PSYoungGen      total 182272K, used 105664K [0x00000000d5f80000, 0x00000000e2000000, 0x0000000100000000)
  eden space 175616K, 57% used [0x00000000d5f80000,0x00000000dc18f268,0x00000000e0b00000)
  from space 6656K, 78% used [0x00000000e1980000,0x00000000e1ea10b8,0x00000000e2000000)
  to   space 10752K, 0% used [0x00000000e0b00000,0x00000000e0b00000,0x00000000e1580000)
 ParOldGen       total 75264K, used 13378K [0x0000000081e00000, 0x0000000086780000, 0x00000000d5f80000)
  object space 75264K, 17% used [0x0000000081e00000,0x0000000082b109e8,0x0000000086780000)
 Metaspace       used 36064K, capacity 37686K, committed 38016K, reserved 1083392K
  class space    used 4303K, capacity 4671K, committed 4736K, reserved 1048576K
GC Heap History (10 events):
Event: 6.147 GC heap before
{Heap before GC invocations=6 (full 1):
 PSYoungGen      total 71680K, used 66560K [0x00000000d5f80000, 0x00000000daa80000, 0x0000000100000000)
  eden space 66560K, 100% used [0x00000000d5f80000,0x00000000da080000,0x00000000da080000)
  from space 5120K, 0% used [0x00000000da580000,0x00000000da580000,0x00000000daa80000)
  to   space 5120K, 0% used [0x00000000da080000,0x00000000da080000,0x00000000da580000)
 ParOldGen       total 53760K, used 6104K [0x0000000081e00000, 0x0000000085280000, 0x00000000d5f80000)
  object space 53760K, 11% used [0x0000000081e00000,0x00000000823f6010,0x0000000085280000)
 Metaspace       used 25476K, capacity 26684K, committed 26880K, reserved 1073152K
  class space    used 3007K, capacity 3278K, committed 3328K, reserved 1048576K
Event: 6.158 GC heap after
Heap after GC invocations=6 (full 1):
 PSYoungGen      total 71680K, used 5093K [0x00000000d5f80000, 0x00000000ddd80000, 0x0000000100000000)
  eden space 66560K, 0% used [0x00000000d5f80000,0x00000000d5f80000,0x00000000da080000)
  from space 5120K, 99% used [0x00000000da080000,0x00000000da579700,0x00000000da580000)
  to   space 8704K, 0% used [0x00000000dd500000,0x00000000dd500000,0x00000000ddd80000)
 ParOldGen       total 53760K, used 7935K [0x0000000081e00000, 0x0000000085280000, 0x00000000d5f80000)
  object space 53760K, 14% used [0x0000000081e00000,0x00000000825bfc40,0x0000000085280000)
 Metaspace       used 25476K, capacity 26684K, committed 26880K, reserved 1073152K
  class space    used 3007K, capacity 3278K, committed 3328K, reserved 1048576K
}
Event: 20.095 GC heap before
{Heap before GC invocations=7 (full 1):
 PSYoungGen      total 71680K, used 71653K [0x00000000d5f80000, 0x00000000ddd80000, 0x0000000100000000)
  eden space 66560K, 100% used [0x00000000d5f80000,0x00000000da080000,0x00000000da080000)
  from space 5120K, 99% used [0x00000000da080000,0x00000000da579700,0x00000000da580000)
  to   space 8704K, 0% used [0x00000000dd500000,0x00000000dd500000,0x00000000ddd80000)
 ParOldGen       total 53760K, used 7935K [0x0000000081e00000, 0x0000000085280000, 0x00000000d5f80000)
  object space 53760K, 14% used [0x0000000081e00000,0x00000000825bfc40,0x0000000085280000)
 Metaspace       used 31944K, capacity 33580K, committed 33664K, reserved 1079296K
  class space    used 3854K, capacity 4198K, committed 4224K, reserved 1048576K
Event: 20.223 GC heap after
Heap after GC invocations=7 (full 1):
 PSYoungGen      total 118272K, used 8686K [0x00000000d5f80000, 0x00000000ddf80000, 0x0000000100000000)
  eden space 109568K, 0% used [0x00000000d5f80000,0x00000000d5f80000,0x00000000dca80000)
  from space 8704K, 99% used [0x00000000dd500000,0x00000000ddd7b928,0x00000000ddd80000)
  to   space 10752K, 0% used [0x00000000dca80000,0x00000000dca80000,0x00000000dd500000)
 ParOldGen       total 53760K, used 9652K [0x0000000081e00000, 0x0000000085280000, 0x00000000d5f80000)
  object space 53760K, 17% used [0x0000000081e00000,0x000000008276d248,0x0000000085280000)
 Metaspace       used 31944K, capacity 33580K, committed 33664K, reserved 1079296K
  class space    used 3854K, capacity 4198K, committed 4224K, reserved 1048576K
}
Event: 21.164 GC heap before
{Heap before GC invocations=8 (full 1):
 PSYoungGen      total 118272K, used 35477K [0x00000000d5f80000, 0x00000000ddf80000, 0x0000000100000000)
  eden space 109568K, 24% used [0x00000000d5f80000,0x00000000d79a9c40,0x00000000dca80000)
  from space 8704K, 99% used [0x00000000dd500000,0x00000000ddd7b928,0x00000000ddd80000)
  to   space 10752K, 0% used [0x00000000dca80000,0x00000000dca80000,0x00000000dd500000)
 ParOldGen       total 53760K, used 9652K [0x0000000081e00000, 0x0000000085280000, 0x00000000d5f80000)
  object space 53760K, 17% used [0x0000000081e00000,0x000000008276d248,0x0000000085280000)
 Metaspace       used 33681K, capacity 35306K, committed 35456K, reserved 1081344K
  class space    used 4084K, capacity 4427K, committed 4480K, reserved 1048576K
Event: 21.177 GC heap after
Heap after GC invocations=8 (full 1):
 PSYoungGen      total 120320K, used 8559K [0x00000000d5f80000, 0x00000000e2400000, 0x0000000100000000)
  eden space 109568K, 0% used [0x00000000d5f80000,0x00000000d5f80000,0x00000000dca80000)
  from space 10752K, 79% used [0x00000000dca80000,0x00000000dd2dbef8,0x00000000dd500000)
  to   space 10752K, 0% used [0x00000000e1980000,0x00000000e1980000,0x00000000e2400000)
 ParOldGen       total 53760K, used 9660K [0x0000000081e00000, 0x0000000085280000, 0x00000000d5f80000)
  object space 53760K, 17% used [0x0000000081e00000,0x000000008276f248,0x0000000085280000)
 Metaspace       used 33681K, capacity 35306K, committed 35456K, reserved 1081344K
  class space    used 4084K, capacity 4427K, committed 4480K, reserved 1048576K
}
Event: 21.178 GC heap before
{Heap before GC invocations=9 (full 2):
 PSYoungGen      total 120320K, used 8559K [0x00000000d5f80000, 0x00000000e2400000, 0x0000000100000000)
  eden space 109568K, 0% used [0x00000000d5f80000,0x00000000d5f80000,0x00000000dca80000)
  from space 10752K, 79% used [0x00000000dca80000,0x00000000dd2dbef8,0x00000000dd500000)
  to   space 10752K, 0% used [0x00000000e1980000,0x00000000e1980000,0x00000000e2400000)
 ParOldGen       total 53760K, used 9660K [0x0000000081e00000, 0x0000000085280000, 0x00000000d5f80000)
  object space 53760K, 17% used [0x0000000081e00000,0x000000008276f248,0x0000000085280000)
 Metaspace       used 33681K, capacity 35306K, committed 35456K, reserved 1081344K
  class space    used 4084K, capacity 4427K, committed 4480K, reserved 1048576K
Event: 21.281 GC heap after
Heap after GC invocations=9 (full 2):
 PSYoungGen      total 120320K, used 0K [0x00000000d5f80000, 0x00000000e2400000, 0x0000000100000000)
  eden space 109568K, 0% used [0x00000000d5f80000,0x00000000d5f80000,0x00000000dca80000)
  from space 10752K, 0% used [0x00000000dca80000,0x00000000dca80000,0x00000000dd500000)
  to   space 10752K, 0% used [0x00000000e1980000,0x00000000e1980000,0x00000000e2400000)
 ParOldGen       total 75264K, used 13370K [0x0000000081e00000, 0x0000000086780000, 0x00000000d5f80000)
  object space 75264K, 17% used [0x0000000081e00000,0x0000000082b0e9e8,0x0000000086780000)
 Metaspace       used 33504K, capacity 34846K, committed 35456K, reserved 1081344K
  class space    used 4022K, capacity 4321K, committed 4480K, reserved 1048576K
}
Event: 32.100 GC heap before
{Heap before GC invocations=10 (full 2):
 PSYoungGen      total 120320K, used 109568K [0x00000000d5f80000, 0x00000000e2400000, 0x0000000100000000)
  eden space 109568K, 100% used [0x00000000d5f80000,0x00000000dca80000,0x00000000dca80000)
  from space 10752K, 0% used [0x00000000dca80000,0x00000000dca80000,0x00000000dd500000)
  to   space 10752K, 0% used [0x00000000e1980000,0x00000000e1980000,0x00000000e2400000)
 ParOldGen       total 75264K, used 13370K [0x0000000081e00000, 0x0000000086780000, 0x00000000d5f80000)
  object space 75264K, 17% used [0x0000000081e00000,0x0000000082b0e9e8,0x0000000086780000)
 Metaspace       used 35589K, capacity 37080K, committed 37504K, reserved 1081344K
  class space    used 4270K, capacity 4568K, committed 4736K, reserved 1048576K
Event: 32.109 GC heap after
Heap after GC invocations=10 (full 2):
 PSYoungGen      total 182272K, used 5252K [0x00000000d5f80000, 0x00000000e2000000, 0x0000000100000000)
  eden space 175616K, 0% used [0x00000000d5f80000,0x00000000d5f80000,0x00000000e0b00000)
  from space 6656K, 78% used [0x00000000e1980000,0x00000000e1ea10b8,0x00000000e2000000)
  to   space 10752K, 0% used [0x00000000e0b00000,0x00000000e0b00000,0x00000000e1580000)
 ParOldGen       total 75264K, used 13378K [0x0000000081e00000, 0x0000000086780000, 0x00000000d5f80000)
  object space 75264K, 17% used [0x0000000081e00000,0x0000000082b109e8,0x0000000086780000)
 Metaspace       used 35589K, capacity 37080K, committed 37504K, reserved 1081344K
  class space    used 4270K, capacity 4568K, committed 4736K, reserved 1048576K
}

