# JRE version: Java(TM) SE Runtime Environment (8.0_202-b08) (build 1.8.0_202-b08)
# Java VM: Java HotSpot(TM) 64-Bit Server VM (25.202-b08 mixed mode windows-amd64 compressed oops)
Heap:
 PSYoungGen      total 71680K, used 43064K [0x00000000d5f80000, 0x00000000dd980000, 0x0000000100000000)
  eden space 66560K, 57% used [0x00000000d5f80000,0x00000000d8494108,0x00000000da080000)
  from space 5120K, 99% used [0x00000000da080000,0x00000000da57a1f0,0x00000000da580000)
  to   space 8704K, 0% used [0x00000000dd100000,0x00000000dd100000,0x00000000dd980000)
 ParOldGen       total 55296K, used 7612K [0x0000000081e00000, 0x0000000085400000, 0x00000000d5f80000)
  object space 55296K, 13% used [0x0000000081e00000,0x000000008256f118,0x0000000085400000)
 Metaspace       used 28999K, capacity 30600K, committed 30848K, reserved 1077248K
  class space    used 3535K, capacity 3866K, committed 3968K, reserved 1048576K
GC Heap History (10 events):
Event: 3.948 GC heap before
{Heap before GC invocations=2 (full 0):
 PSYoungGen      total 38400K, used 38387K [0x00000000d5f80000, 0x00000000d8a00000, 0x0000000100000000)
  eden space 33280K, 100% used [0x00000000d5f80000,0x00000000d8000000,0x00000000d8000000)
  from space 5120K, 99% used [0x00000000d8000000,0x00000000d84fcd60,0x00000000d8500000)
  to   space 5120K, 0% used [0x00000000d8500000,0x00000000d8500000,0x00000000d8a00000)
 ParOldGen       total 87552K, used 349K [0x0000000081e00000, 0x0000000087380000, 0x00000000d5f80000)
  object space 87552K, 0% used [0x0000000081e00000,0x0000000081e574e0,0x0000000087380000)
 Metaspace       used 15686K, capacity 16068K, committed 16256K, reserved 1062912K
  class space    used 1727K, capacity 1842K, committed 1920K, reserved 1048576K
Event: 3.959 GC heap after
Heap after GC invocations=2 (full 0):
 PSYoungGen      total 38400K, used 5097K [0x00000000d5f80000, 0x00000000d8a00000, 0x0000000100000000)
  eden space 33280K, 0% used [0x00000000d5f80000,0x00000000d5f80000,0x00000000d8000000)
  from space 5120K, 99% used [0x00000000d8500000,0x00000000d89fa770,0x00000000d8a00000)
  to   space 5120K, 0% used [0x00000000d8000000,0x00000000d8000000,0x00000000d8500000)
 ParOldGen       total 87552K, used 2869K [0x0000000081e00000, 0x0000000087380000, 0x00000000d5f80000)
  object space 87552K, 3% used [0x0000000081e00000,0x00000000820cd640,0x0000000087380000)
 Metaspace       used 15686K, capacity 16068K, committed 16256K, reserved 1062912K
  class space    used 1727K, capacity 1842K, committed 1920K, reserved 1048576K
}
Event: 4.523 GC heap before
{Heap before GC invocations=3 (full 0):
 PSYoungGen      total 38400K, used 38377K [0x00000000d5f80000, 0x00000000d8a00000, 0x0000000100000000)
  eden space 33280K, 100% used [0x00000000d5f80000,0x00000000d8000000,0x00000000d8000000)
  from space 5120K, 99% used [0x00000000d8500000,0x00000000d89fa770,0x00000000d8a00000)
  to   space 5120K, 0% used [0x00000000d8000000,0x00000000d8000000,0x00000000d8500000)
 ParOldGen       total 87552K, used 2869K [0x0000000081e00000, 0x0000000087380000, 0x00000000d5f80000)
  object space 87552K, 3% used [0x0000000081e00000,0x00000000820cd640,0x0000000087380000)
 Metaspace       used 19243K, capacity 19792K, committed 19968K, reserved 1067008K
  class space    used 2152K, capacity 2304K, committed 2304K, reserved 1048576K
Event: 4.532 GC heap after
Heap after GC invocations=3 (full 0):
 PSYoungGen      total 38400K, used 5116K [0x00000000d5f80000, 0x00000000daa80000, 0x0000000100000000)
  eden space 33280K, 0% used [0x00000000d5f80000,0x00000000d5f80000,0x00000000d8000000)
  from space 5120K, 99% used [0x00000000d8000000,0x00000000d84ff2b8,0x00000000d8500000)
  to   space 5120K, 0% used [0x00000000da580000,0x00000000da580000,0x00000000daa80000)
 ParOldGen       total 87552K, used 5772K [0x0000000081e00000, 0x0000000087380000, 0x00000000d5f80000)
  object space 87552K, 6% used [0x0000000081e00000,0x00000000823a33e8,0x0000000087380000)
 Metaspace       used 19243K, capacity 19792K, committed 19968K, reserved 1067008K
  class space    used 2152K, capacity 2304K, committed 2304K, reserved 1048576K
}
Event: 4.758 GC heap before
{Heap before GC invocations=4 (full 0):
 PSYoungGen      total 38400K, used 16522K [0x00000000d5f80000, 0x00000000daa80000, 0x0000000100000000)
  eden space 33280K, 34% used [0x00000000d5f80000,0x00000000d6aa3690,0x00000000d8000000)
  from space 5120K, 99% used [0x00000000d8000000,0x00000000d84ff2b8,0x00000000d8500000)
  to   space 5120K, 0% used [0x00000000da580000,0x00000000da580000,0x00000000daa80000)
 ParOldGen       total 87552K, used 5772K [0x0000000081e00000, 0x0000000087380000, 0x00000000d5f80000)
  object space 87552K, 6% used [0x0000000081e00000,0x00000000823a33e8,0x0000000087380000)
 Metaspace       used 20529K, capacity 21204K, committed 21296K, reserved 1069056K
  class space    used 2309K, capacity 2502K, committed 2560K, reserved 1048576K
Event: 4.767 GC heap after
Heap after GC invocations=4 (full 0):
 PSYoungGen      total 71680K, used 5116K [0x00000000d5f80000, 0x00000000daa80000, 0x0000000100000000)
  eden space 66560K, 0% used [0x00000000d5f80000,0x00000000d5f80000,0x00000000da080000)
  from space 5120K, 99% used [0x00000000da580000,0x00000000daa7f058,0x00000000daa80000)
  to   space 5120K, 0% used [0x00000000da080000,0x00000000da080000,0x00000000da580000)
 ParOldGen       total 87552K, used 6761K [0x0000000081e00000, 0x0000000087380000, 0x00000000d5f80000)
  object space 87552K, 7% used [0x0000000081e00000,0x000000008249a4b0,0x0000000087380000)
 Metaspace       used 20529K, capacity 21204K, committed 21296K, reserved 1069056K
  class space    used 2309K, capacity 2502K, committed 2560K, reserved 1048576K
}
Event: 4.767 GC heap before
{Heap before GC invocations=5 (full 1):
 PSYoungGen      total 71680K, used 5116K [0x00000000d5f80000, 0x00000000daa80000, 0x0000000100000000)
  eden space 66560K, 0% used [0x00000000d5f80000,0x00000000d5f80000,0x00000000da080000)
  from space 5120K, 99% used [0x00000000da580000,0x00000000daa7f058,0x00000000daa80000)
  to   space 5120K, 0% used [0x00000000da080000,0x00000000da080000,0x00000000da580000)
 ParOldGen       total 87552K, used 6761K [0x0000000081e00000, 0x0000000087380000, 0x00000000d5f80000)
  object space 87552K, 7% used [0x0000000081e00000,0x000000008249a4b0,0x0000000087380000)
 Metaspace       used 20529K, capacity 21204K, committed 21296K, reserved 1069056K
  class space    used 2309K, capacity 2502K, committed 2560K, reserved 1048576K
Event: 4.809 GC heap after
Heap after GC invocations=5 (full 1):
 PSYoungGen      total 71680K, used 0K [0x00000000d5f80000, 0x00000000daa80000, 0x0000000100000000)
  eden space 66560K, 0% used [0x00000000d5f80000,0x00000000d5f80000,0x00000000da080000)
  from space 5120K, 0% used [0x00000000da580000,0x00000000da580000,0x00000000daa80000)
  to   space 5120K, 0% used [0x00000000da080000,0x00000000da080000,0x00000000da580000)
 ParOldGen       total 55296K, used 6105K [0x0000000081e00000, 0x0000000085400000, 0x00000000d5f80000)
  object space 55296K, 11% used [0x0000000081e00000,0x00000000823f64d0,0x0000000085400000)
 Metaspace       used 20486K, capacity 21114K, committed 21296K, reserved 1069056K
  class space    used 2293K, capacity 2475K, committed 2560K, reserved 1048576K
}
Event: 5.992 GC heap before
{Heap before GC invocations=6 (full 1):
 PSYoungGen      total 71680K, used 66522K [0x00000000d5f80000, 0x00000000daa80000, 0x0000000100000000)
  eden space 66560K, 99% used [0x00000000d5f80000,0x00000000da076a08,0x00000000da080000)
  from space 5120K, 0% used [0x00000000da580000,0x00000000da580000,0x00000000daa80000)
  to   space 5120K, 0% used [0x00000000da080000,0x00000000da080000,0x00000000da580000)
 ParOldGen       total 55296K, used 6105K [0x0000000081e00000, 0x0000000085400000, 0x00000000d5f80000)
  object space 55296K, 11% used [0x0000000081e00000,0x00000000823f64d0,0x0000000085400000)
 Metaspace       used 25453K, capacity 26580K, committed 26880K, reserved 1073152K
  class space    used 3001K, capacity 3238K, committed 3328K, reserved 1048576K
Event: 6.002 GC heap after
Heap after GC invocations=6 (full 1):
 PSYoungGen      total 71680K, used 5096K [0x00000000d5f80000, 0x00000000dd980000, 0x0000000100000000)
  eden space 66560K, 0% used [0x00000000d5f80000,0x00000000d5f80000,0x00000000da080000)
  from space 5120K, 99% used [0x00000000da080000,0x00000000da57a1f0,0x00000000da580000)
  to   space 8704K, 0% used [0x00000000dd100000,0x00000000dd100000,0x00000000dd980000)
 ParOldGen       total 55296K, used 7612K [0x0000000081e00000, 0x0000000085400000, 0x00000000d5f80000)
  object space 55296K, 13% used [0x0000000081e00000,0x000000008256f118,0x0000000085400000)
 Metaspace       used 25453K, capacity 26580K, committed 26880K, reserved 1073152K
  class space    used 3001K, capacity 3238K, committed 3328K, reserved 1048576K
}

