# JRE version: Java(TM) SE Runtime Environment (8.0_202-b08) (build 1.8.0_202-b08)
# Java VM: Java HotSpot(TM) 64-Bit Server VM (25.202-b08 mixed mode windows-amd64 compressed oops)
Heap:
 PSYoungGen      total 95232K, used 77507K [0x00000000d5f80000, 0x00000000de000000, 0x0000000100000000)
  eden space 84992K, 91% used [0x00000000d5f80000,0x00000000dab30d48,0x00000000db280000)
  from space 10240K, 0% used [0x00000000db280000,0x00000000db280000,0x00000000dbc80000)
  to   space 9728K, 0% used [0x00000000dd680000,0x00000000dd680000,0x00000000de000000)
 ParOldGen       total 91648K, used 13856K [0x0000000081e00000, 0x0000000087780000, 0x00000000d5f80000)
  object space 91648K, 15% used [0x0000000081e00000,0x0000000082b881d8,0x0000000087780000)
 Metaspace       used 35215K, capacity 36710K, committed 38144K, reserved 1083392K
  class space    used 4179K, capacity 4487K, committed 4864K, reserved 1048576K
GC Heap History (10 events):
Event: 6.479 GC heap before
{Heap before GC invocations=7 (full 1):
 PSYoungGen      total 38400K, used 36969K [0x00000000d5f80000, 0x00000000da600000, 0x0000000100000000)
  eden space 33280K, 100% used [0x00000000d5f80000,0x00000000d8000000,0x00000000d8000000)
  from space 5120K, 72% used [0x00000000d8000000,0x00000000d839a750,0x00000000d8500000)
  to   space 9728K, 0% used [0x00000000d9c80000,0x00000000d9c80000,0x00000000da600000)
 ParOldGen       total 56832K, used 6015K [0x0000000081e00000, 0x0000000085580000, 0x00000000d5f80000)
  object space 56832K, 10% used [0x0000000081e00000,0x00000000823dfce8,0x0000000085580000)
 Metaspace       used 24329K, capacity 25758K, committed 25984K, reserved 1073152K
  class space    used 2884K, capacity 3161K, committed 3200K, reserved 1048576K
Event: 6.489 GC heap after
Heap after GC invocations=7 (full 1):
 PSYoungGen      total 62464K, used 3936K [0x00000000d5f80000, 0x00000000da800000, 0x0000000100000000)
  eden space 52736K, 0% used [0x00000000d5f80000,0x00000000d5f80000,0x00000000d9300000)
  from space 9728K, 40% used [0x00000000d9c80000,0x00000000da0583d0,0x00000000da600000)
  to   space 9728K, 0% used [0x00000000d9300000,0x00000000d9300000,0x00000000d9c80000)
 ParOldGen       total 56832K, used 6023K [0x0000000081e00000, 0x0000000085580000, 0x00000000d5f80000)
  object space 56832K, 10% used [0x0000000081e00000,0x00000000823e1ce8,0x0000000085580000)
 Metaspace       used 24329K, capacity 25758K, committed 25984K, reserved 1073152K
  class space    used 2884K, capacity 3161K, committed 3200K, reserved 1048576K
}
Event: 6.977 GC heap before
{Heap before GC invocations=8 (full 1):
 PSYoungGen      total 62464K, used 56672K [0x00000000d5f80000, 0x00000000da800000, 0x0000000100000000)
  eden space 52736K, 100% used [0x00000000d5f80000,0x00000000d9300000,0x00000000d9300000)
  from space 9728K, 40% used [0x00000000d9c80000,0x00000000da0583d0,0x00000000da600000)
  to   space 9728K, 0% used [0x00000000d9300000,0x00000000d9300000,0x00000000d9c80000)
 ParOldGen       total 56832K, used 6023K [0x0000000081e00000, 0x0000000085580000, 0x00000000d5f80000)
  object space 56832K, 10% used [0x0000000081e00000,0x00000000823e1ce8,0x0000000085580000)
 Metaspace       used 25865K, capacity 27446K, committed 27520K, reserved 1073152K
  class space    used 3084K, capacity 3403K, committed 3456K, reserved 1048576K
Event: 6.990 GC heap after
Heap after GC invocations=8 (full 1):
 PSYoungGen      total 62464K, used 5127K [0x00000000d5f80000, 0x00000000dc780000, 0x0000000100000000)
  eden space 52736K, 0% used [0x00000000d5f80000,0x00000000d5f80000,0x00000000d9300000)
  from space 9728K, 52% used [0x00000000d9300000,0x00000000d9801fc0,0x00000000d9c80000)
  to   space 9216K, 0% used [0x00000000dbe80000,0x00000000dbe80000,0x00000000dc780000)
 ParOldGen       total 56832K, used 6031K [0x0000000081e00000, 0x0000000085580000, 0x00000000d5f80000)
  object space 56832K, 10% used [0x0000000081e00000,0x00000000823e3ce8,0x0000000085580000)
 Metaspace       used 25865K, capacity 27446K, committed 27520K, reserved 1073152K
  class space    used 3084K, capacity 3403K, committed 3456K, reserved 1048576K
}
Event: 67.334 GC heap before
{Heap before GC invocations=9 (full 1):
 PSYoungGen      total 62464K, used 57863K [0x00000000d5f80000, 0x00000000dc780000, 0x0000000100000000)
  eden space 52736K, 100% used [0x00000000d5f80000,0x00000000d9300000,0x00000000d9300000)
  from space 9728K, 52% used [0x00000000d9300000,0x00000000d9801fc0,0x00000000d9c80000)
  to   space 9216K, 0% used [0x00000000dbe80000,0x00000000dbe80000,0x00000000dc780000)
 ParOldGen       total 56832K, used 6031K [0x0000000081e00000, 0x0000000085580000, 0x00000000d5f80000)
  object space 56832K, 10% used [0x0000000081e00000,0x00000000823e3ce8,0x0000000085580000)
 Metaspace       used 30149K, capacity 32272K, committed 32384K, reserved 1077248K
  class space    used 3706K, capacity 4120K, committed 4224K, reserved 1048576K
Event: 67.354 GC heap after
Heap after GC invocations=9 (full 1):
 PSYoungGen      total 92672K, used 8003K [0x00000000d5f80000, 0x00000000dc680000, 0x0000000100000000)
  eden space 84480K, 0% used [0x00000000d5f80000,0x00000000d5f80000,0x00000000db200000)
  from space 8192K, 97% used [0x00000000dbe80000,0x00000000dc650fe8,0x00000000dc680000)
  to   space 10240K, 0% used [0x00000000db280000,0x00000000db280000,0x00000000dbc80000)
 ParOldGen       total 56832K, used 6039K [0x0000000081e00000, 0x0000000085580000, 0x00000000d5f80000)
  object space 56832K, 10% used [0x0000000081e00000,0x00000000823e5ce8,0x0000000085580000)
 Metaspace       used 30149K, capacity 32272K, committed 32384K, reserved 1077248K
  class space    used 3706K, capacity 4120K, committed 4224K, reserved 1048576K
}
Event: 77.422 GC heap before
{Heap before GC invocations=10 (full 1):
 PSYoungGen      total 92672K, used 36764K [0x00000000d5f80000, 0x00000000dc680000, 0x0000000100000000)
  eden space 84480K, 34% used [0x00000000d5f80000,0x00000000d7b962d0,0x00000000db200000)
  from space 8192K, 97% used [0x00000000dbe80000,0x00000000dc650fe8,0x00000000dc680000)
  to   space 10240K, 0% used [0x00000000db280000,0x00000000db280000,0x00000000dbc80000)
 ParOldGen       total 56832K, used 6039K [0x0000000081e00000, 0x0000000085580000, 0x00000000d5f80000)
  object space 56832K, 10% used [0x0000000081e00000,0x00000000823e5ce8,0x0000000085580000)
 Metaspace       used 33169K, capacity 35344K, committed 35496K, reserved 1081344K
  class space    used 4073K, capacity 4504K, committed 4608K, reserved 1048576K
Event: 77.439 GC heap after
Heap after GC invocations=10 (full 1):
 PSYoungGen      total 95232K, used 6505K [0x00000000d5f80000, 0x00000000de000000, 0x0000000100000000)
  eden space 84992K, 0% used [0x00000000d5f80000,0x00000000d5f80000,0x00000000db280000)
  from space 10240K, 63% used [0x00000000db280000,0x00000000db8da4b8,0x00000000dbc80000)
  to   space 9728K, 0% used [0x00000000dd680000,0x00000000dd680000,0x00000000de000000)
 ParOldGen       total 56832K, used 8611K [0x0000000081e00000, 0x0000000085580000, 0x00000000d5f80000)
  object space 56832K, 15% used [0x0000000081e00000,0x0000000082668d68,0x0000000085580000)
 Metaspace       used 33169K, capacity 35344K, committed 35496K, reserved 1081344K
  class space    used 4073K, capacity 4504K, committed 4608K, reserved 1048576K
}
Event: 77.439 GC heap before
{Heap before GC invocations=11 (full 2):
 PSYoungGen      total 95232K, used 6505K [0x00000000d5f80000, 0x00000000de000000, 0x0000000100000000)
  eden space 84992K, 0% used [0x00000000d5f80000,0x00000000d5f80000,0x00000000db280000)
  from space 10240K, 63% used [0x00000000db280000,0x00000000db8da4b8,0x00000000dbc80000)
  to   space 9728K, 0% used [0x00000000dd680000,0x00000000dd680000,0x00000000de000000)
 ParOldGen       total 56832K, used 8611K [0x0000000081e00000, 0x0000000085580000, 0x00000000d5f80000)
  object space 56832K, 15% used [0x0000000081e00000,0x0000000082668d68,0x0000000085580000)
 Metaspace       used 33169K, capacity 35344K, committed 35496K, reserved 1081344K
  class space    used 4073K, capacity 4504K, committed 4608K, reserved 1048576K
Event: 78.920 GC heap after
Heap after GC invocations=11 (full 2):
 PSYoungGen      total 95232K, used 0K [0x00000000d5f80000, 0x00000000de000000, 0x0000000100000000)
  eden space 84992K, 0% used [0x00000000d5f80000,0x00000000d5f80000,0x00000000db280000)
  from space 10240K, 0% used [0x00000000db280000,0x00000000db280000,0x00000000dbc80000)
  to   space 9728K, 0% used [0x00000000dd680000,0x00000000dd680000,0x00000000de000000)
 ParOldGen       total 91648K, used 13856K [0x0000000081e00000, 0x0000000087780000, 0x00000000d5f80000)
  object space 91648K, 15% used [0x0000000081e00000,0x0000000082b881d8,0x0000000087780000)
 Metaspace       used 32657K, capacity 34028K, committed 35496K, reserved 1081344K
  class space    used 3892K, capacity 4194K, committed 4608K, reserved 1048576K
}

